0 info it worked if it ends with ok
1 verbose cli [ 'C:\\Program Files (x86)\\nodejs\\node.exe',
1 verbose cli   'C:\\Program Files (x86)\\nodejs\\node_modules\\npm\\bin\\npm-cli.js',
1 verbose cli   'run',
1 verbose cli   'test' ]
2 info using npm@3.10.10
3 info using node@v6.11.2
4 verbose run-script [ 'pretest', 'test', 'posttest' ]
5 info lifecycle wdio-workflo-example@0.0.1~pretest: wdio-workflo-example@0.0.1
6 silly lifecycle wdio-workflo-example@0.0.1~pretest: no script for pretest, continuing
7 info lifecycle wdio-workflo-example@0.0.1~test: wdio-workflo-example@0.0.1
8 verbose lifecycle wdio-workflo-example@0.0.1~test: unsafe-perm in lifecycle true
9 verbose lifecycle wdio-workflo-example@0.0.1~test: PATH: C:\Program Files (x86)\nodejs\node_modules\npm\bin\node-gyp-bin;C:\Users\Flo\Documents\MSE\2\MPP\framework\wdio-workflo-example\node_modules\.bin;C:\Program Files\Git\mingw64\bin;C:\Program Files\Git\usr\bin;C:\Users\Flo\bin;C:\Program Files (x86)\Intel\OpenCL SDK\6.3\bin\x64;C:\Program Files (x86)\Intel\OpenCL SDK\6.3\bin\x86;C:\Program Files (x86)\Intel\OpenCL SDK\6.3\bin\Pin;C:\Program Files (x86)\Intel\OpenCL SDK\6.3\bin\GTPin;C:\Program Files\NVIDIA GPU Computing Toolkit\CUDA\v8.0\bin;C:\Program Files\NVIDIA GPU Computing Toolkit\CUDA\v8.0\libnvvp;C:\ProgramData\Oracle\Java\javapath;C:\Program Files (x86)\Intel\iCLS Client;C:\Program Files\Intel\iCLS Client;C:\Windows\system32;C:\Windows;C:\Windows\System32\Wbem;C:\Windows\System32\WindowsPowerShell\v1.0;C:\Program Files (x86)\Intel\Intel(R) Management Engine Components\DAL;C:\Program Files\Intel\Intel(R) Management Engine Components\DAL;C:\Program Files (x86)\Intel\Intel(R) Management Engine Components\IPT;C:\Program Files\Intel\Intel(R) Management Engine Components\IPT;C:\Program Files\Intel\WiFi\bin;C:\Program Files\Common Files\Intel\WirelessCommon;C:\Program Files\Git\cmd;C:\Program Files\Java\jdk1.8.0_121\bin;C:\Users\Flo\.dnx\bin;C:\Program Files\Microsoft DNX\Dnvm;C:\Program Files\Microsoft SQL Server\130\Tools\Binn;C:\Program Files (x86)\Skype\Phone;C:\Program Files (x86)\Windows Kits\8.1\Windows Performance Toolkit;C:\Program Files\MATLAB\MATLAB Production Server\R2015a\bin;C:\HashiCorp\Vagrant\bin;C:\WINDOWS\system32;C:\WINDOWS;C:\WINDOWS\System32\Wbem;C:\WINDOWS\System32\WindowsPowerShell\v1.0;C:\Program Files (x86)\NVIDIA Corporation\PhysX\Common;C:\Program Files\PuTTY;C:\Program Files\Java\jdk1.8.0_121\bin;C:\Users\Flo\AppData\Roaming\nvm;C:\Program Files\nodejs;C:\Program Files (x86)\nodejs;C:\Users\Flo\AppData\Local\Microsoft\WindowsApps;C:\Program Files\Intel\WiFi\bin;C:\Program Files\Common Files\Intel\WirelessCommon;C:\Program Files (x86)\Microsoft VS Code\bin;C:\Users\Flo\Documents\MSE\2\MPP\allure\bin;C:\Program Files\Java\jdk1.8.0_121\bin;C:\Users\Flo\AppData\Roaming\nvm;C:\Program Files\nodejs;C:\Users\Flo\AppData\Roaming\npm
10 verbose lifecycle wdio-workflo-example@0.0.1~test: CWD: C:\Users\Flo\Documents\MSE\2\MPP\framework\wdio-workflo-example
11 silly lifecycle wdio-workflo-example@0.0.1~test: Args: [ '/d /s /c',
11 silly lifecycle   'cd node_modules/wdio-workflo && npm run-script test' ]
12 silly lifecycle wdio-workflo-example@0.0.1~test: Returned: code: 1  signal: null
13 info lifecycle wdio-workflo-example@0.0.1~test: Failed to exec test script
14 verbose stack Error: wdio-workflo-example@0.0.1 test: `cd node_modules/wdio-workflo && npm run-script test`
14 verbose stack Exit status 1
14 verbose stack     at EventEmitter.<anonymous> (C:\Program Files (x86)\nodejs\node_modules\npm\lib\utils\lifecycle.js:255:16)
14 verbose stack     at emitTwo (events.js:106:13)
14 verbose stack     at EventEmitter.emit (events.js:191:7)
14 verbose stack     at ChildProcess.<anonymous> (C:\Program Files (x86)\nodejs\node_modules\npm\lib\utils\spawn.js:40:14)
14 verbose stack     at emitTwo (events.js:106:13)
14 verbose stack     at ChildProcess.emit (events.js:191:7)
14 verbose stack     at maybeClose (internal/child_process.js:891:16)
14 verbose stack     at Process.ChildProcess._handle.onexit (internal/child_process.js:226:5)
15 verbose pkgid wdio-workflo-example@0.0.1
16 verbose cwd C:\Users\Flo\Documents\MSE\2\MPP\framework\wdio-workflo-example
17 error Windows_NT 10.0.15063
18 error argv "C:\\Program Files (x86)\\nodejs\\node.exe" "C:\\Program Files (x86)\\nodejs\\node_modules\\npm\\bin\\npm-cli.js" "run" "test"
19 error node v6.11.2
20 error npm  v3.10.10
21 error code ELIFECYCLE
22 error wdio-workflo-example@0.0.1 test: `cd node_modules/wdio-workflo && npm run-script test`
22 error Exit status 1
23 error Failed at the wdio-workflo-example@0.0.1 test script 'cd node_modules/wdio-workflo && npm run-script test'.
23 error Make sure you have the latest version of node.js and npm installed.
23 error If you do, this is most likely a problem with the wdio-workflo-example package,
23 error not with npm itself.
23 error Tell the author that this fails on your system:
23 error     cd node_modules/wdio-workflo && npm run-script test
23 error You can get information on how to open an issue for this project with:
23 error     npm bugs wdio-workflo-example
23 error Or if that isn't available, you can get their info via:
23 error     npm owner ls wdio-workflo-example
23 error There is likely additional logging output above.
24 verbose exit [ 1, true ]
